<?xml version="1.0" encoding="UTF-8"?>
<!-- Generated by org.testng.reporters.JUnitXMLReporter -->
<testsuite ignored="0" hostname="DESKTOP-EK5PKPI" failures="1" tests="3" name="ErrorValidationTest" time="32.538" errors="0" timestamp="2024-08-07T16:43:42 IST">
  <testcase classname="AutomationWIthJava.ErrorValidationTest" name="loginErrorValidation" time="0.734">
    <skipped/>
  </testcase> <!-- loginErrorValidation -->
  <testcase classname="AutomationWIthJava.ErrorValidationTest" name="loginErrorValidation" time="1.104">
    <failure type="java.lang.AssertionError" message="expected [Incorrect email or password.] but found [Incorrect email  password.]">
      <![CDATA[java.lang.AssertionError: expected [Incorrect email or password.] but found [Incorrect email  password.]
at AutomationWIthJava.ErrorValidationTest.loginErrorValidation(ErrorValidationTest.java:23)
at java.base/java.util.ArrayList.forEach(ArrayList.java:1596)
at java.base/java.util.concurrent.FutureTask.run(FutureTask.java:317)
at java.base/java.util.concurrent.ThreadPoolExecutor.runWorker(ThreadPoolExecutor.java:1144)
at java.base/java.util.concurrent.ThreadPoolExecutor$Worker.run(ThreadPoolExecutor.java:642)
at java.base/java.lang.Thread.run(Thread.java:1583)
... Removed 21 stack frames]]>
    </failure>
  </testcase> <!-- loginErrorValidation -->
  <testcase classname="AutomationWIthJava.ErrorValidationTest" name="productErrorValidation" time="9.36"/>
</testsuite> <!-- ErrorValidationTest -->
